[NX Daemon Server] - 2024-01-13T03:47:51.623Z - Started listening on: \\.\pipe\nx\C:\Users\y_jos\AppData\Local\Temp\575e17068622314131d4\d.sock
[NX Daemon Server] - 2024-01-13T03:47:51.625Z - [WATCHER]: Subscribed to changes within: G:\Code\m3ui-react (native)
[NX Daemon Server] - 2024-01-13T03:47:51.632Z - Established a connection. Number of open connections: 1
[NX Daemon Server] - 2024-01-13T03:47:51.633Z - Closed a connection. Number of open connections: 0
[NX Daemon Server] - 2024-01-13T03:47:51.633Z - Established a connection. Number of open connections: 1
[NX Daemon Server] - 2024-01-13T03:47:51.635Z - [REQUEST]: Client Request for Project Graph Received
[NX Daemon Server] - 2024-01-13T03:47:51.715Z - [REQUEST]: Updated file-hasher based on watched changes, recomputing project graph...
[NX Daemon Server] - 2024-01-13T03:47:51.724Z - [REQUEST]: 
[NX Daemon Server] - 2024-01-13T03:47:51.724Z - [REQUEST]: 
[NX Daemon Server] - 2024-01-13T03:47:51.963Z - [REQUEST]: Responding to the client. project-graph
[NX Daemon Server] - 2024-01-13T03:47:51.965Z - Time taken for 'total for creating and serializing project graph' 327.6214999994263ms
[NX Daemon Server] - 2024-01-13T03:47:51.967Z - Done responding to the client project-graph
[NX Daemon Server] - 2024-01-13T03:47:51.967Z - Handled REQUEST_PROJECT_GRAPH. Handling time: 328. Response time: 4.
[NX Daemon Server] - 2024-01-13T03:47:51.972Z - [REQUEST]: Responding to the client. handleRequestFileData
[NX Daemon Server] - 2024-01-13T03:47:51.972Z - Done responding to the client handleRequestFileData
[NX Daemon Server] - 2024-01-13T03:47:51.972Z - Handled REQUEST_FILE_DATA. Handling time: 0. Response time: 0.
[NX Daemon Server] - 2024-01-13T03:47:52.057Z - [REQUEST]: Client Request for Project Graph Received
[NX Daemon Server] - 2024-01-13T03:47:52.058Z - [REQUEST]: Responding to the client. project-graph
[NX Daemon Server] - 2024-01-13T03:47:52.059Z - Time taken for 'total for creating and serializing project graph' 0.155799999833107ms
[NX Daemon Server] - 2024-01-13T03:47:52.059Z - Done responding to the client project-graph
[NX Daemon Server] - 2024-01-13T03:47:52.060Z - Handled REQUEST_PROJECT_GRAPH. Handling time: 1. Response time: 1.
[NX Daemon Server] - 2024-01-13T03:47:52.105Z - [REQUEST]: Responding to the client. handleHashTasks
[NX Daemon Server] - 2024-01-13T03:47:52.105Z - Done responding to the client handleHashTasks
[NX Daemon Server] - 2024-01-13T03:47:52.105Z - Handled HASH_TASKS. Handling time: 38. Response time: 0.
[NX Daemon Server] - 2024-01-13T03:47:55.503Z - [WATCHER]: Processing file changes in outputs
[NX Daemon Server] - 2024-01-13T03:47:55.505Z - [WATCHER]: packages/m3ui-component/vite.config.ts.timestamp-1705117675448-4ebbfec4f4b58.mjs was created or restored
[NX Daemon Server] - 2024-01-13T03:47:55.621Z - [REQUEST]: Updated file-hasher based on watched changes, recomputing project graph...
[NX Daemon Server] - 2024-01-13T03:47:55.621Z - [REQUEST]: packages/m3ui-component/vite.config.ts.timestamp-1705117675448-4ebbfec4f4b58.mjs
[NX Daemon Server] - 2024-01-13T03:47:55.621Z - [REQUEST]: 
[NX Daemon Server] - 2024-01-13T03:47:55.676Z - Time taken for 'hash changed files from watcher' 0.21629999950528145ms
[NX Daemon Server] - 2024-01-13T03:47:56.490Z - [WATCHER]: packages/m3ui-component/vite.config.ts.timestamp-1705117675448-4ebbfec4f4b58.mjs was deleted
[NX Daemon Server] - 2024-01-13T03:47:56.490Z - [WATCHER]: Processing file changes in outputs
[NX Daemon Server] - 2024-01-13T03:47:56.700Z - [REQUEST]: Updated file-hasher based on watched changes, recomputing project graph...
[NX Daemon Server] - 2024-01-13T03:47:56.700Z - [REQUEST]: 
[NX Daemon Server] - 2024-01-13T03:47:56.700Z - [REQUEST]: packages/m3ui-component/vite.config.ts.timestamp-1705117675448-4ebbfec4f4b58.mjs
[NX Daemon Server] - 2024-01-13T03:47:56.732Z - Time taken for 'hash changed files from watcher' 0.11469999980181456ms
[NX Daemon Server] - 2024-01-13T03:49:11.378Z - [WATCHER]: .gitignore was modified
[NX Daemon Server] - 2024-01-13T03:49:11.378Z - [WATCHER]: Processing file changes in outputs
[NX Daemon Server] - 2024-01-13T03:49:11.378Z - [WATCHER]: Stopping the watcher for G:\Code\m3ui-react (sources)
[NX Daemon Server] - 2024-01-13T03:49:11.378Z - [WATCHER]: Stopping the watcher for G:\Code\m3ui-react (outputs)
[NX Daemon Server] - 2024-01-13T03:49:11.378Z - Server stopped because: "Stopping the daemon the set of ignored files changed (native)"
